
Showing logs for build [32mcb-kubecd-environment-pr-1560-2-j2j7t-1[0m stage [32mfrom-build-pack[0m and container [32mstep-credential-initializer-gvlkw[0m
{"level":"info","ts":1593181603.2721865,"logger":"fallback-logger","caller":"logging/config.go:69","msg":"Fetch GitHub commit ID from kodata failed: open /var/run/ko/refs/heads/0.8.0-ns-support: no such file or directory"}
{"level":"info","ts":1593181603.2765763,"logger":"fallback-logger","caller":"creds-init/main.go:40","msg":"Credentials initialized."}

Showing logs for build [32mcb-kubecd-environment-pr-1560-2-j2j7t-1[0m stage [32mfrom-build-pack[0m and container [32mstep-working-dir-initializer-v4pbl[0m
{"level":"info","ts":1593181604.697264,"logger":"fallback-logger","caller":"logging/config.go:69","msg":"Fetch GitHub commit ID from kodata failed: open /var/run/ko/HEAD: no such file or directory"}
{"level":"info","ts":1593181604.7502558,"logger":"fallback-logger","caller":"bash/main.go:64","msg":"Successfully executed command \"sh -c mkdir -p /workspace/source\"; output "}

Showing logs for build [32mcb-kubecd-environment-pr-1560-2-j2j7t-1[0m stage [32mfrom-build-pack[0m and container [32mstep-place-tools[0m

Showing logs for build [32mcb-kubecd-environment-pr-1560-2-j2j7t-1[0m stage [32mfrom-build-pack[0m and container [32mstep-git-source-cb-kubecd-environment-pr-1560-2-j2j7t-qsllv[0m
{"level":"info","ts":1593181631.9129274,"logger":"fallback-logger","caller":"logging/config.go:69","msg":"Fetch GitHub commit ID from kodata failed: open /var/run/ko/refs/heads/0.8.0-ns-support: no such file or directory"}
{"level":"info","ts":1593181633.530425,"logger":"fallback-logger","caller":"git/git.go:103","msg":"Successfully cloned https://github.com/cb-kubecd/environment-pr-1560-2-bdd-frontend-staging.git @ master in path /workspace/source"}

Showing logs for build [32mcb-kubecd-environment-pr-1560-2-j2j7t-1[0m stage [32mfrom-build-pack[0m and container [32mstep-setup-builder-home[0m

Showing logs for build [32mcb-kubecd-environment-pr-1560-2-j2j7t-1[0m stage [32mfrom-build-pack[0m and container [32mstep-git-merge[0m
Using SHAs from PULL_REFS=master:1ecc8b9b420c0c8533b38f86c5df44004ebfdb01,1:ac8c21be051bb5685c28b7e5d681d069074f3b27
DEBUG: LC_ALL=C JX_LOG_LEVEL=error git fetch origin --unshallow ac8c21be051bb5685c28b7e5d681d069074f3b27: 1ecc8b9b420c0c8533b38f86c5df44004ebfdb01:
DEBUG: ran git fetch --unshallow origin ac8c21be051bb5685c28b7e5d681d069074f3b27: 1ecc8b9b420c0c8533b38f86c5df44004ebfdb01: in 
DEBUG: LC_ALL=C JX_LOG_LEVEL=error git branch
DEBUG: LC_ALL=C JX_LOG_LEVEL=error git checkout master
DEBUG: ran git checkout master in 
DEBUG: LC_ALL=C JX_LOG_LEVEL=error git reset --hard 1ecc8b9b420c0c8533b38f86c5df44004ebfdb01
DEBUG: ran git reset --hard 1ecc8b9b420c0c8533b38f86c5df44004ebfdb01 in 
DEBUG: LC_ALL=C JX_LOG_LEVEL=error git clean -fd .
DEBUG: ran clean --force -d . in 
DEBUG: LC_ALL=C JX_LOG_LEVEL=error git merge ac8c21be051bb5685c28b7e5d681d069074f3b27
DEBUG: ran git merge ac8c21be051bb5685c28b7e5d681d069074f3b27 in 
DEBUG: LC_ALL=C JX_LOG_LEVEL=error git log --format=%H%x1f%an%x1f%ae%x1f%cn%x1f%ce%x1f%s%n%b%x1e 1ecc8b9b420c0c8533b38f86c5df44004ebfdb01..HEAD
Merged SHA ac8c21be051bb5685c28b7e5d681d069074f3b27 with commit message 'chore: Promote bdd-nh-1593180514 to version 0.0.1' into base branch master

Showing logs for build [32mcb-kubecd-environment-pr-1560-2-j2j7t-1[0m stage [32mfrom-build-pack[0m and container [32mstep-build-helm-build[0m
WARNING: No $CHART_REPOSITORY defined so using the default value of: http://jenkins-x-chartmuseum:8080
Adding missing Helm repo: storage.googleapis.com https://storage.googleapis.com/chartmuseum.jenkins-x.io
WARNING: No secrets found on "helm/repos" due: reading the secret "helm/repos" from vault: no secret "helm/repos" not found in vault
Read credentials for https://storage.googleapis.com/chartmuseum.jenkins-x.io from vault helm/repos
Successfully added Helm repository storage.googleapis.com.
Adding missing Helm repo: jenkins-x-chartmuseum http://jenkins-x-chartmuseum:8080
WARNING: No secrets found on "helm/repos" due: reading the secret "helm/repos" from vault: no secret "helm/repos" not found in vault
Read credentials for http://jenkins-x-chartmuseum:8080 from vault helm/repos
Successfully added Helm repository jenkins-x-chartmuseum.
WARNING: No $CHART_REPOSITORY defined so using the default value of: http://jenkins-x-chartmuseum:8080
Adding missing Helm repo: chartmuseum.jenkins-x.io http://chartmuseum.jenkins-x.io
WARNING: No secrets found on "helm/repos" due: reading the secret "helm/repos" from vault: no secret "helm/repos" not found in vault
Read credentials for http://chartmuseum.jenkins-x.io from vault helm/repos
Successfully added Helm repository chartmuseum.jenkins-x.io.
